<?xml version="1.0" encoding="UTF-8"?>
<testng-results ignored="0" total="2" passed="2" failed="0" skipped="0">
  <reporter-output>
  </reporter-output>
  <suite started-at="2023-03-21T20:03:51 CET" name="Surefire suite" finished-at="2023-03-21T20:04:02 CET" duration-ms="10818">
    <groups>
    </groups>
    <test started-at="2023-03-21T20:03:51 CET" name="Surefire test" finished-at="2023-03-21T20:04:02 CET" duration-ms="10818">
      <class name="pl.seleniumdemo.tests.HotelSearchTest">
        <test-method is-config="true" signature="setUp()[pri:0, instance:pl.seleniumdemo.tests.HotelSearchTest@12b0404f]" started-at="2023-03-21T20:03:51 CET" name="setUp" finished-at="2023-03-21T20:03:55 CET" duration-ms="3708" status="PASS">
          <reporter-output>
          </reporter-output>
        </test-method> <!-- setUp -->
        <test-method signature="searchHotelTest()[pri:0, instance:pl.seleniumdemo.tests.HotelSearchTest@12b0404f]" started-at="2023-03-21T20:03:55 CET" name="searchHotelTest" finished-at="2023-03-21T20:03:57 CET" duration-ms="1578" status="PASS">
          <reporter-output>
          </reporter-output>
        </test-method> <!-- searchHotelTest -->
        <test-method is-config="true" signature="tearDown()[pri:0, instance:pl.seleniumdemo.tests.HotelSearchTest@12b0404f]" started-at="2023-03-21T20:03:57 CET" name="tearDown" finished-at="2023-03-21T20:03:57 CET" duration-ms="184" status="PASS">
          <reporter-output>
          </reporter-output>
        </test-method> <!-- tearDown -->
      </class> <!-- pl.seleniumdemo.tests.HotelSearchTest -->
      <class name="pl.seleniumdemo.tests.SignUpTest">
        <test-method is-config="true" signature="setUp()[pri:0, instance:pl.seleniumdemo.tests.SignUpTest@769e7ee8]" started-at="2023-03-21T20:03:57 CET" name="setUp" finished-at="2023-03-21T20:04:00 CET" duration-ms="2624" status="PASS">
          <reporter-output>
          </reporter-output>
        </test-method> <!-- setUp -->
        <test-method signature="signUpTest()[pri:0, instance:pl.seleniumdemo.tests.SignUpTest@769e7ee8]" started-at="2023-03-21T20:04:00 CET" name="signUpTest" finished-at="2023-03-21T20:04:02 CET" duration-ms="2523" status="PASS">
          <reporter-output>
          </reporter-output>
        </test-method> <!-- signUpTest -->
        <test-method is-config="true" signature="tearDown()[pri:0, instance:pl.seleniumdemo.tests.SignUpTest@769e7ee8]" started-at="2023-03-21T20:04:02 CET" name="tearDown" finished-at="2023-03-21T20:04:02 CET" duration-ms="176" status="PASS">
          <reporter-output>
          </reporter-output>
        </test-method> <!-- tearDown -->
      </class> <!-- pl.seleniumdemo.tests.SignUpTest -->
    </test> <!-- Surefire test -->
  </suite> <!-- Surefire suite -->
</testng-results>
